2025-02-14 22:01:56 - Attempting to delete - File: leyekab/2025/02/layerslider_1.css, Owner: leyekab
2025-02-14 22:01:56 - Full file path: files/leyekab/2025/02/layerslider_1.css
2025-02-14 22:01:56 - Database entry deleted successfully
2025-02-14 22:01:56 - File deleted successfully: files/leyekab/2025/02/layerslider_1.css
2025-02-14 22:01:56 - Transaction committed successfully
2025-02-14 22:02:03 - Attempting to delete - File: rytecDE_Basic.xml, Owner: shared
2025-02-14 22:02:03 - Full file path: files/shared/rytecDE_Basic.xml
2025-02-14 22:02:03 - Database entry deleted successfully
2025-02-14 22:02:03 - File deleted successfully: files/shared/rytecDE_Basic.xml
2025-02-14 22:02:03 - Transaction committed successfully
2025-02-14 22:02:43 - Attempting to delete - File: leyekab/2025/02/_1_1.jpg, Owner: leyekab
2025-02-14 22:02:43 - Full file path: files/leyekab/2025/02/_1_1.jpg
2025-02-14 22:02:43 - Database entry deleted successfully
2025-02-14 22:02:43 - File deleted successfully: files/leyekab/2025/02/_1_1.jpg
2025-02-14 22:02:43 - Transaction committed successfully
2025-02-14 22:02:44 - Attempting to delete - File: leyekab/2025/02/01_1_.jpg, Owner: leyekab
2025-02-14 22:02:44 - Full file path: files/leyekab/2025/02/01_1_.jpg
2025-02-14 22:02:44 - Database entry deleted successfully
2025-02-14 22:02:44 - File deleted successfully: files/leyekab/2025/02/01_1_.jpg
2025-02-14 22:02:44 - Transaction committed successfully
2025-02-14 22:02:45 - Attempting to delete - File: leyekab/2025/02/01.jpg, Owner: leyekab
2025-02-14 22:02:45 - Full file path: files/leyekab/2025/02/01.jpg
2025-02-14 22:02:45 - Database entry deleted successfully
2025-02-14 22:02:45 - File deleted successfully: files/leyekab/2025/02/01.jpg
2025-02-14 22:02:45 - Transaction committed successfully
2025-02-14 22:02:46 - Attempting to delete - File: leyekab/2025/02/02______________________1.jpg, Owner: leyekab
2025-02-14 22:02:46 - Full file path: files/leyekab/2025/02/02______________________1.jpg
2025-02-14 22:02:46 - Database entry deleted successfully
2025-02-14 22:02:46 - File deleted successfully: files/leyekab/2025/02/02______________________1.jpg
2025-02-14 22:02:46 - Transaction committed successfully
2025-02-14 22:02:47 - Attempting to delete - File: leyekab/2025/02/02_1_______________________1.jpg, Owner: leyekab
2025-02-14 22:02:47 - Full file path: files/leyekab/2025/02/02_1_______________________1.jpg
2025-02-14 22:02:47 - Database entry deleted successfully
2025-02-14 22:02:47 - File deleted successfully: files/leyekab/2025/02/02_1_______________________1.jpg
2025-02-14 22:02:47 - Transaction committed successfully
2025-02-14 22:02:48 - Attempting to delete - File: leyekab/2025/02/02_1_.jpg, Owner: leyekab
2025-02-14 22:02:48 - Full file path: files/leyekab/2025/02/02_1_.jpg
2025-02-14 22:02:48 - Database entry deleted successfully
2025-02-14 22:02:48 - File deleted successfully: files/leyekab/2025/02/02_1_.jpg
2025-02-14 22:02:48 - Transaction committed successfully
2025-02-14 22:02:48 - Attempting to delete - File: leyekab/2025/02/02.jpg, Owner: leyekab
2025-02-14 22:02:48 - Full file path: files/leyekab/2025/02/02.jpg
2025-02-14 22:02:48 - Database entry deleted successfully
2025-02-14 22:02:48 - File deleted successfully: files/leyekab/2025/02/02.jpg
2025-02-14 22:02:48 - Transaction committed successfully
2025-02-14 22:02:49 - Attempting to delete - File: leyekab/2025/02/03_1_______________________1.jpg, Owner: leyekab
2025-02-14 22:02:49 - Full file path: files/leyekab/2025/02/03_1_______________________1.jpg
2025-02-14 22:02:49 - Database entry deleted successfully
2025-02-14 22:02:49 - File deleted successfully: files/leyekab/2025/02/03_1_______________________1.jpg
2025-02-14 22:02:49 - Transaction committed successfully
2025-02-14 22:02:50 - Attempting to delete - File: leyekab/2025/02/03_1_.jpg, Owner: leyekab
2025-02-14 22:02:50 - Full file path: files/leyekab/2025/02/03_1_.jpg
2025-02-14 22:02:50 - Database entry deleted successfully
2025-02-14 22:02:50 - File deleted successfully: files/leyekab/2025/02/03_1_.jpg
2025-02-14 22:02:50 - Transaction committed successfully
2025-02-14 22:02:51 - Attempting to delete - File: leyekab/2025/02/03.jpg, Owner: leyekab
2025-02-14 22:02:51 - Full file path: files/leyekab/2025/02/03.jpg
2025-02-14 22:02:51 - Database entry deleted successfully
2025-02-14 22:02:51 - File deleted successfully: files/leyekab/2025/02/03.jpg
2025-02-14 22:02:51 - Transaction committed successfully
2025-02-14 22:02:52 - Attempting to delete - File: leyekab/2025/02/04_1_.jpg, Owner: leyekab
2025-02-14 22:02:52 - Full file path: files/leyekab/2025/02/04_1_.jpg
2025-02-14 22:02:52 - Database entry deleted successfully
2025-02-14 22:02:52 - File deleted successfully: files/leyekab/2025/02/04_1_.jpg
2025-02-14 22:02:52 - Transaction committed successfully
2025-02-14 22:02:53 - Attempting to delete - File: leyekab/2025/02/04.jpg, Owner: leyekab
2025-02-14 22:02:53 - Full file path: files/leyekab/2025/02/04.jpg
2025-02-14 22:02:53 - Database entry deleted successfully
2025-02-14 22:02:53 - File deleted successfully: files/leyekab/2025/02/04.jpg
2025-02-14 22:02:53 - Transaction committed successfully
2025-02-14 22:02:54 - Attempting to delete - File: leyekab/2025/02/05_1_.jpg, Owner: leyekab
2025-02-14 22:02:54 - Full file path: files/leyekab/2025/02/05_1_.jpg
2025-02-14 22:02:54 - Database entry deleted successfully
2025-02-14 22:02:54 - File deleted successfully: files/leyekab/2025/02/05_1_.jpg
2025-02-14 22:02:54 - Transaction committed successfully
2025-02-14 22:02:55 - Attempting to delete - File: leyekab/2025/02/05.jpg, Owner: leyekab
2025-02-14 22:02:55 - Full file path: files/leyekab/2025/02/05.jpg
2025-02-14 22:02:55 - Database entry deleted successfully
2025-02-14 22:02:55 - File deleted successfully: files/leyekab/2025/02/05.jpg
2025-02-14 22:02:55 - Transaction committed successfully
2025-02-14 22:02:55 - Attempting to delete - File: leyekab/2025/02/06_1_.jpg, Owner: leyekab
2025-02-14 22:02:55 - Full file path: files/leyekab/2025/02/06_1_.jpg
2025-02-14 22:02:55 - Database entry deleted successfully
2025-02-14 22:02:55 - File deleted successfully: files/leyekab/2025/02/06_1_.jpg
2025-02-14 22:02:55 - Transaction committed successfully
2025-02-14 22:02:56 - Attempting to delete - File: leyekab/2025/02/06.jpg, Owner: leyekab
2025-02-14 22:02:56 - Full file path: files/leyekab/2025/02/06.jpg
2025-02-14 22:02:56 - Database entry deleted successfully
2025-02-14 22:02:56 - File deleted successfully: files/leyekab/2025/02/06.jpg
2025-02-14 22:02:56 - Transaction committed successfully
2025-02-14 22:02:57 - Attempting to delete - File: leyekab/2025/02/07_1_.jpg, Owner: leyekab
2025-02-14 22:02:57 - Full file path: files/leyekab/2025/02/07_1_.jpg
2025-02-14 22:02:57 - Database entry deleted successfully
2025-02-14 22:02:57 - File deleted successfully: files/leyekab/2025/02/07_1_.jpg
2025-02-14 22:02:57 - Transaction committed successfully
2025-02-14 22:02:57 - Attempting to delete - File: leyekab/2025/02/07.jpg, Owner: leyekab
2025-02-14 22:02:57 - Full file path: files/leyekab/2025/02/07.jpg
2025-02-14 22:02:57 - Database entry deleted successfully
2025-02-14 22:02:57 - File deleted successfully: files/leyekab/2025/02/07.jpg
2025-02-14 22:02:57 - Transaction committed successfully
2025-02-14 22:02:59 - Attempting to delete - File: leyekab/2025/02/08_1_.jpg, Owner: leyekab
2025-02-14 22:02:59 - Full file path: files/leyekab/2025/02/08_1_.jpg
2025-02-14 22:02:59 - Database entry deleted successfully
2025-02-14 22:02:59 - File deleted successfully: files/leyekab/2025/02/08_1_.jpg
2025-02-14 22:02:59 - Transaction committed successfully
2025-02-14 22:02:59 - Attempting to delete - File: leyekab/2025/02/08.jpg, Owner: leyekab
2025-02-14 22:02:59 - Full file path: files/leyekab/2025/02/08.jpg
2025-02-14 22:02:59 - Database entry deleted successfully
2025-02-14 22:02:59 - File deleted successfully: files/leyekab/2025/02/08.jpg
2025-02-14 22:02:59 - Transaction committed successfully
2025-02-14 22:03:00 - Attempting to delete - File: leyekab/2025/02/09_1_.jpg, Owner: leyekab
2025-02-14 22:03:00 - Full file path: files/leyekab/2025/02/09_1_.jpg
2025-02-14 22:03:00 - Database entry deleted successfully
2025-02-14 22:03:00 - File deleted successfully: files/leyekab/2025/02/09_1_.jpg
2025-02-14 22:03:00 - Transaction committed successfully
2025-02-14 22:03:01 - Attempting to delete - File: leyekab/2025/02/09.jpg, Owner: leyekab
2025-02-14 22:03:01 - Full file path: files/leyekab/2025/02/09.jpg
2025-02-14 22:03:01 - Database entry deleted successfully
2025-02-14 22:03:01 - File deleted successfully: files/leyekab/2025/02/09.jpg
2025-02-14 22:03:01 - Transaction committed successfully
2025-02-14 22:03:01 - Attempting to delete - File: leyekab/2025/02/10.jpg, Owner: leyekab
2025-02-14 22:03:01 - Full file path: files/leyekab/2025/02/10.jpg
2025-02-14 22:03:01 - Database entry deleted successfully
2025-02-14 22:03:01 - File deleted successfully: files/leyekab/2025/02/10.jpg
2025-02-14 22:03:01 - Transaction committed successfully
2025-02-14 22:03:02 - Attempting to delete - File: leyekab/2025/02/11.jpg, Owner: leyekab
2025-02-14 22:03:02 - Full file path: files/leyekab/2025/02/11.jpg
2025-02-14 22:03:02 - Database entry deleted successfully
2025-02-14 22:03:02 - File deleted successfully: files/leyekab/2025/02/11.jpg
2025-02-14 22:03:02 - Transaction committed successfully
2025-02-14 22:03:03 - Attempting to delete - File: leyekab/2025/02/12.jpg, Owner: leyekab
2025-02-14 22:03:03 - Full file path: files/leyekab/2025/02/12.jpg
2025-02-14 22:03:03 - Database entry deleted successfully
2025-02-14 22:03:03 - File deleted successfully: files/leyekab/2025/02/12.jpg
2025-02-14 22:03:03 - Transaction committed successfully
2025-02-14 22:03:04 - Attempting to delete - File: leyekab/2025/02/13.jpg, Owner: leyekab
2025-02-14 22:03:04 - Full file path: files/leyekab/2025/02/13.jpg
2025-02-14 22:03:04 - Database entry deleted successfully
2025-02-14 22:03:04 - File deleted successfully: files/leyekab/2025/02/13.jpg
2025-02-14 22:03:04 - Transaction committed successfully
2025-02-14 22:03:04 - Attempting to delete - File: leyekab/2025/02/14.jpg, Owner: leyekab
2025-02-14 22:03:04 - Full file path: files/leyekab/2025/02/14.jpg
2025-02-14 22:03:04 - Database entry deleted successfully
2025-02-14 22:03:04 - File deleted successfully: files/leyekab/2025/02/14.jpg
2025-02-14 22:03:04 - Transaction committed successfully
2025-02-14 22:03:05 - Attempting to delete - File: leyekab/2025/02/954fb0ebf1d84fb921bfb0b6e045d57f_L.jpg, Owner: leyekab
2025-02-14 22:03:05 - Full file path: files/leyekab/2025/02/954fb0ebf1d84fb921bfb0b6e045d57f_L.jpg
2025-02-14 22:03:05 - Database entry deleted successfully
2025-02-14 22:03:05 - File deleted successfully: files/leyekab/2025/02/954fb0ebf1d84fb921bfb0b6e045d57f_L.jpg
2025-02-14 22:03:05 - Transaction committed successfully
2025-02-14 22:03:06 - Attempting to delete - File: leyekab/2025/02/autocomplete.js._______________________, Owner: leyekab
2025-02-14 22:03:06 - Full file path: files/leyekab/2025/02/autocomplete.js._______________________
2025-02-14 22:03:06 - Database entry deleted successfully
2025-02-14 22:03:06 - File deleted successfully: files/leyekab/2025/02/autocomplete.js._______________________
2025-02-14 22:03:06 - Transaction committed successfully
2025-02-14 22:03:06 - Attempting to delete - File: leyekab/2025/02/bannernew.jpg, Owner: leyekab
2025-02-14 22:03:06 - Full file path: files/leyekab/2025/02/bannernew.jpg
2025-02-14 22:03:06 - Database entry deleted successfully
2025-02-14 22:03:06 - File deleted successfully: files/leyekab/2025/02/bannernew.jpg
2025-02-14 22:03:06 - Transaction committed successfully
2025-02-14 22:03:07 - Attempting to delete - File: leyekab/2025/02/bootstrap.css, Owner: leyekab
2025-02-14 22:03:07 - Full file path: files/leyekab/2025/02/bootstrap.css
2025-02-14 22:03:07 - Database entry deleted successfully
2025-02-14 22:03:07 - File deleted successfully: files/leyekab/2025/02/bootstrap.css
2025-02-14 22:03:07 - Transaction committed successfully
2025-02-14 22:03:07 - Attempting to delete - File: leyekab/2025/02/bootstrap.min.css, Owner: leyekab
2025-02-14 22:03:07 - Full file path: files/leyekab/2025/02/bootstrap.min.css
2025-02-14 22:03:07 - Database entry deleted successfully
2025-02-14 22:03:07 - File deleted successfully: files/leyekab/2025/02/bootstrap.min.css
2025-02-14 22:03:07 - Transaction committed successfully
2025-02-14 22:03:08 - Attempting to delete - File: leyekab/2025/02/cb=gapi.loaded_0, Owner: leyekab
2025-02-14 22:03:08 - Full file path: files/leyekab/2025/02/cb=gapi.loaded_0
2025-02-14 22:03:08 - Database entry deleted successfully
2025-02-14 22:03:08 - File deleted successfully: files/leyekab/2025/02/cb=gapi.loaded_0
2025-02-14 22:03:08 - Transaction committed successfully
2025-02-14 22:03:08 - Attempting to delete - File: leyekab/2025/02/core.js._______________________, Owner: leyekab
2025-02-14 22:03:08 - Full file path: files/leyekab/2025/02/core.js._______________________
2025-02-14 22:03:08 - Database entry deleted successfully
2025-02-14 22:03:08 - File deleted successfully: files/leyekab/2025/02/core.js._______________________
2025-02-14 22:03:08 - Transaction committed successfully
2025-02-14 22:03:09 - Attempting to delete - File: leyekab/2025/02/css, Owner: leyekab
2025-02-14 22:03:09 - Full file path: files/leyekab/2025/02/css
2025-02-14 22:03:09 - Database entry deleted successfully
2025-02-14 22:03:09 - File deleted successfully: files/leyekab/2025/02/css
2025-02-14 22:03:09 - Transaction committed successfully
2025-02-14 22:03:10 - Attempting to delete - File: leyekab/2025/02/custom_1_.css, Owner: leyekab
2025-02-14 22:03:10 - Full file path: files/leyekab/2025/02/custom_1_.css
2025-02-14 22:03:10 - Database entry deleted successfully
2025-02-14 22:03:10 - File deleted successfully: files/leyekab/2025/02/custom_1_.css
2025-02-14 22:03:10 - Transaction committed successfully
2025-02-14 22:03:10 - Attempting to delete - File: leyekab/2025/02/custom.css, Owner: leyekab
2025-02-14 22:03:10 - Full file path: files/leyekab/2025/02/custom.css
2025-02-14 22:03:10 - Database entry deleted successfully
2025-02-14 22:03:10 - File deleted successfully: files/leyekab/2025/02/custom.css
2025-02-14 22:03:10 - Transaction committed successfully
2025-02-14 22:03:11 - Attempting to delete - File: leyekab/2025/02/custom_el_GR.js._______________________, Owner: leyekab
2025-02-14 22:03:11 - Full file path: files/leyekab/2025/02/custom_el_GR.js._______________________
2025-02-14 22:03:11 - Database entry deleted successfully
2025-02-14 22:03:11 - File deleted successfully: files/leyekab/2025/02/custom_el_GR.js._______________________
2025-02-14 22:03:11 - Transaction committed successfully
2025-02-14 22:03:11 - Attempting to delete - File: leyekab/2025/02/default_1_.css, Owner: leyekab
2025-02-14 22:03:11 - Full file path: files/leyekab/2025/02/default_1_.css
2025-02-14 22:03:11 - Database entry deleted successfully
2025-02-14 22:03:11 - File deleted successfully: files/leyekab/2025/02/default_1_.css
2025-02-14 22:03:11 - Transaction committed successfully
2025-02-14 22:03:13 - Attempting to delete - File: leyekab/2025/02/default_2_.css, Owner: leyekab
2025-02-14 22:03:13 - Full file path: files/leyekab/2025/02/default_2_.css
2025-02-14 22:03:13 - Database entry deleted successfully
2025-02-14 22:03:13 - File deleted successfully: files/leyekab/2025/02/default_2_.css
2025-02-14 22:03:13 - Transaction committed successfully
2025-02-14 22:03:13 - Attempting to delete - File: leyekab/2025/02/default_3_.css, Owner: leyekab
2025-02-14 22:03:13 - Full file path: files/leyekab/2025/02/default_3_.css
2025-02-14 22:03:13 - Database entry deleted successfully
2025-02-14 22:03:13 - File deleted successfully: files/leyekab/2025/02/default_3_.css
2025-02-14 22:03:13 - Transaction committed successfully
2025-02-14 22:03:14 - Attempting to delete - File: leyekab/2025/02/default.css, Owner: leyekab
2025-02-14 22:03:14 - Full file path: files/leyekab/2025/02/default.css
2025-02-14 22:03:14 - Database entry deleted successfully
2025-02-14 22:03:14 - File deleted successfully: files/leyekab/2025/02/default.css
2025-02-14 22:03:14 - Transaction committed successfully
2025-02-14 22:03:15 - File not found in database for token: fe393d743d6629bf99f624664257bc697e313c9ab41016363f95c0c8a3da7f9a
2025-02-14 22:03:15 - Attempting to delete - File: leyekab/2025/02/hikashop.css, Owner: leyekab
2025-02-14 22:03:15 - Full file path: files/leyekab/2025/02/hikashop.css
2025-02-14 22:03:15 - Database entry deleted successfully
2025-02-14 22:03:15 - File deleted successfully: files/leyekab/2025/02/hikashop.css
2025-02-14 22:03:15 - Transaction committed successfully
2025-02-14 22:03:16 - Attempting to delete - File: leyekab/2025/02/jcemediabox.css, Owner: leyekab
2025-02-14 22:03:16 - Full file path: files/leyekab/2025/02/jcemediabox.css
2025-02-14 22:03:16 - Database entry deleted successfully
2025-02-14 22:03:16 - File deleted successfully: files/leyekab/2025/02/jcemediabox.css
2025-02-14 22:03:16 - Transaction committed successfully
2025-02-14 22:03:17 - Attempting to delete - File: leyekab/2025/02/jcemediabox.js._______________________, Owner: leyekab
2025-02-14 22:03:17 - Full file path: files/leyekab/2025/02/jcemediabox.js._______________________
2025-02-14 22:03:17 - Database entry deleted successfully
2025-02-14 22:03:17 - File deleted successfully: files/leyekab/2025/02/jcemediabox.js._______________________
2025-02-14 22:03:17 - Transaction committed successfully
2025-02-14 22:03:18 - Attempting to delete - File: leyekab/2025/02/jquery.colorbox_min.js._______________________, Owner: leyekab
2025-02-14 22:03:18 - Full file path: files/leyekab/2025/02/jquery.colorbox_min.js._______________________
2025-02-14 22:03:18 - Database entry deleted successfully
2025-02-14 22:03:18 - File deleted successfully: files/leyekab/2025/02/jquery.colorbox_min.js._______________________
2025-02-14 22:03:18 - Transaction committed successfully
2025-02-14 22:03:18 - Attempting to delete - File: leyekab/2025/02/jquery.cookiesdirective.js._______________________, Owner: leyekab
2025-02-14 22:03:18 - Full file path: files/leyekab/2025/02/jquery.cookiesdirective.js._______________________
2025-02-14 22:03:18 - Database entry deleted successfully
2025-02-14 22:03:18 - File deleted successfully: files/leyekab/2025/02/jquery.cookiesdirective.js._______________________
2025-02-14 22:03:18 - Transaction committed successfully
2025-02-14 22:03:19 - Attempting to delete - File: leyekab/2025/02/jquery.easing.min.js._______________________, Owner: leyekab
2025-02-14 22:03:19 - Full file path: files/leyekab/2025/02/jquery.easing.min.js._______________________
2025-02-14 22:03:19 - Database entry deleted successfully
2025-02-14 22:03:19 - File deleted successfully: files/leyekab/2025/02/jquery.easing.min.js._______________________
2025-02-14 22:03:19 - Transaction committed successfully
2025-02-14 22:03:20 - Attempting to delete - File: leyekab/2025/02/jquery.magnific_popup.min.js._______________________, Owner: leyekab
2025-02-14 22:03:20 - Full file path: files/leyekab/2025/02/jquery.magnific_popup.min.js._______________________
2025-02-14 22:03:20 - Database entry deleted successfully
2025-02-14 22:03:20 - File deleted successfully: files/leyekab/2025/02/jquery.magnific_popup.min.js._______________________
2025-02-14 22:03:20 - Transaction committed successfully
2025-02-14 22:03:20 - Attempting to delete - File: leyekab/2025/02/jquery.min.js._______________________, Owner: leyekab
2025-02-14 22:03:20 - Full file path: files/leyekab/2025/02/jquery.min.js._______________________
2025-02-14 22:03:20 - Database entry deleted successfully
2025-02-14 22:03:20 - File deleted successfully: files/leyekab/2025/02/jquery.min.js._______________________
2025-02-14 22:03:20 - Transaction committed successfully
2025-02-14 22:03:21 - Attempting to delete - File: leyekab/2025/02/jquery.parallax.min.js._______________________, Owner: leyekab
2025-02-14 22:03:21 - Full file path: files/leyekab/2025/02/jquery.parallax.min.js._______________________
2025-02-14 22:03:21 - Database entry deleted successfully
2025-02-14 22:03:21 - File deleted successfully: files/leyekab/2025/02/jquery.parallax.min.js._______________________
2025-02-14 22:03:21 - Transaction committed successfully
2025-02-14 22:03:22 - Attempting to delete - File: leyekab/2025/02/jquery.touchSwipe.min.js._______________________, Owner: leyekab
2025-02-14 22:03:22 - Full file path: files/leyekab/2025/02/jquery.touchSwipe.min.js._______________________
2025-02-14 22:03:22 - Database entry deleted successfully
2025-02-14 22:03:22 - File deleted successfully: files/leyekab/2025/02/jquery.touchSwipe.min.js._______________________
2025-02-14 22:03:22 - Transaction committed successfully
2025-02-14 22:03:23 - Attempting to delete - File: leyekab/2025/02/jquerynoconflict.js._______________________, Owner: leyekab
2025-02-14 22:03:23 - Full file path: files/leyekab/2025/02/jquerynoconflict.js._______________________
2025-02-14 22:03:23 - Database entry deleted successfully
2025-02-14 22:03:23 - File deleted successfully: files/leyekab/2025/02/jquerynoconflict.js._______________________
2025-02-14 22:03:23 - Transaction committed successfully
2025-02-14 22:03:23 - Attempting to delete - File: leyekab/2025/02/k2.css, Owner: leyekab
2025-02-14 22:03:23 - Full file path: files/leyekab/2025/02/k2.css
2025-02-14 22:03:23 - Database entry deleted successfully
2025-02-14 22:03:23 - File deleted successfully: files/leyekab/2025/02/k2.css
2025-02-14 22:03:23 - Transaction committed successfully
2025-02-14 22:03:24 - Attempting to delete - File: leyekab/2025/02/k2.frontend.js._______________________, Owner: leyekab
2025-02-14 22:03:24 - Full file path: files/leyekab/2025/02/k2.frontend.js._______________________
2025-02-14 22:03:24 - Database entry deleted successfully
2025-02-14 22:03:24 - File deleted successfully: files/leyekab/2025/02/k2.frontend.js._______________________
2025-02-14 22:03:24 - Transaction committed successfully
2025-02-14 22:03:25 - Attempting to delete - File: leyekab/2025/02/layerslider.js._______________________, Owner: leyekab
2025-02-14 22:03:25 - Full file path: files/leyekab/2025/02/layerslider.js._______________________
2025-02-14 22:03:25 - Database entry deleted successfully
2025-02-14 22:03:25 - File deleted successfully: files/leyekab/2025/02/layerslider.js._______________________
2025-02-14 22:03:25 - Transaction committed successfully
2025-02-14 22:03:25 - Attempting to delete - File: leyekab/2025/02/layerslider.transitions.js._______________________, Owner: leyekab
2025-02-14 22:03:25 - Full file path: files/leyekab/2025/02/layerslider.transitions.js._______________________
2025-02-14 22:03:25 - Database entry deleted successfully
2025-02-14 22:03:25 - File deleted successfully: files/leyekab/2025/02/layerslider.transitions.js._______________________
2025-02-14 22:03:25 - Transaction committed successfully
2025-02-14 22:03:26 - Attempting to delete - File: leyekab/2025/02/logom.png, Owner: leyekab
2025-02-14 22:03:26 - Full file path: files/leyekab/2025/02/logom.png
2025-02-14 22:03:26 - Database entry deleted successfully
2025-02-14 22:03:26 - File deleted successfully: files/leyekab/2025/02/logom.png
2025-02-14 22:03:26 - Transaction committed successfully
2025-02-14 22:03:27 - Attempting to delete - File: rytecDE_Common.xml, Owner: shared
2025-02-14 22:03:27 - Full file path: files/shared/rytecDE_Common.xml
2025-02-14 22:03:27 - Database entry deleted successfully
2025-02-14 22:03:27 - File deleted successfully: files/shared/rytecDE_Common.xml
2025-02-14 22:03:27 - Transaction committed successfully
2025-02-14 22:03:27 - Attempting to delete - File: leyekab/2025/02/magnific_popup.min.css, Owner: leyekab
2025-02-14 22:03:27 - Full file path: files/leyekab/2025/02/magnific_popup.min.css
2025-02-14 22:03:27 - Database entry deleted successfully
2025-02-14 22:03:27 - File deleted successfully: files/leyekab/2025/02/magnific_popup.min.css
2025-02-14 22:03:27 - Transaction committed successfully
2025-02-14 22:03:28 - Attempting to delete - File: leyekab/2025/02/modal.css, Owner: leyekab
2025-02-14 22:03:28 - Full file path: files/leyekab/2025/02/modal.css
2025-02-14 22:03:28 - Database entry deleted successfully
2025-02-14 22:03:28 - File deleted successfully: files/leyekab/2025/02/modal.css
2025-02-14 22:03:28 - Transaction committed successfully
2025-02-14 22:03:28 - Attempting to delete - File: leyekab/2025/02/modal.js._______________________, Owner: leyekab
2025-02-14 22:03:28 - Full file path: files/leyekab/2025/02/modal.js._______________________
2025-02-14 22:03:28 - Database entry deleted successfully
2025-02-14 22:03:28 - File deleted successfully: files/leyekab/2025/02/modal.js._______________________
2025-02-14 22:03:28 - Transaction committed successfully
2025-02-14 22:03:29 - Attempting to delete - File: leyekab/2025/02/mootools_core.js._______________________, Owner: leyekab
2025-02-14 22:03:29 - Full file path: files/leyekab/2025/02/mootools_core.js._______________________
2025-02-14 22:03:29 - Database entry deleted successfully
2025-02-14 22:03:29 - File deleted successfully: files/leyekab/2025/02/mootools_core.js._______________________
2025-02-14 22:03:29 - Transaction committed successfully
2025-02-14 22:03:30 - Attempting to delete - File: rytecDE_SportMovies.xml, Owner: shared
2025-02-14 22:03:30 - Full file path: files/shared/rytecDE_SportMovies.xml
2025-02-14 22:03:30 - Database entry deleted successfully
2025-02-14 22:03:30 - File deleted successfully: files/shared/rytecDE_SportMovies.xml
2025-02-14 22:03:30 - Transaction committed successfully
2025-02-14 22:03:30 - Attempting to delete - File: leyekab/2025/02/mootools_more.js._______________________, Owner: leyekab
2025-02-14 22:03:30 - Full file path: files/leyekab/2025/02/mootools_more.js._______________________
2025-02-14 22:03:30 - Database entry deleted successfully
2025-02-14 22:03:30 - File deleted successfully: files/leyekab/2025/02/mootools_more.js._______________________
2025-02-14 22:03:30 - Transaction committed successfully
2025-02-14 22:03:31 - Attempting to delete - File: leyekab/2025/02/retina.min.js._______________________, Owner: leyekab
2025-02-14 22:03:31 - Full file path: files/leyekab/2025/02/retina.min.js._______________________
2025-02-14 22:03:31 - Database entry deleted successfully
2025-02-14 22:03:31 - File deleted successfully: files/leyekab/2025/02/retina.min.js._______________________
2025-02-14 22:03:31 - Transaction committed successfully
2025-02-14 22:03:31 - Attempting to delete - File: leyekab/2025/02/saved_resource.html, Owner: leyekab
2025-02-14 22:03:31 - Full file path: files/leyekab/2025/02/saved_resource.html
2025-02-14 22:03:31 - Database entry deleted successfully
2025-02-14 22:03:31 - File deleted successfully: files/leyekab/2025/02/saved_resource.html
2025-02-14 22:03:31 - Transaction committed successfully
2025-02-14 22:03:32 - Attempting to delete - File: leyekab/2025/02/script.min.js._______________________, Owner: leyekab
2025-02-14 22:03:32 - Full file path: files/leyekab/2025/02/script.min.js._______________________
2025-02-14 22:03:32 - Database entry deleted successfully
2025-02-14 22:03:32 - File deleted successfully: files/leyekab/2025/02/script.min.js._______________________
2025-02-14 22:03:32 - Transaction committed successfully
2025-02-14 22:03:33 - Attempting to delete - File: rytecERO.xml, Owner: shared
2025-02-14 22:03:33 - Full file path: files/shared/rytecERO.xml
2025-02-14 22:03:33 - Database entry deleted successfully
2025-02-14 22:03:33 - File deleted successfully: files/shared/rytecERO.xml
2025-02-14 22:03:33 - Transaction committed successfully
2025-02-14 22:03:33 - Attempting to delete - File: leyekab/2025/02/sdk_1_.js._______________________, Owner: leyekab
2025-02-14 22:03:33 - Full file path: files/leyekab/2025/02/sdk_1_.js._______________________
2025-02-14 22:03:33 - Database entry deleted successfully
2025-02-14 22:03:33 - File deleted successfully: files/leyekab/2025/02/sdk_1_.js._______________________
2025-02-14 22:03:33 - Transaction committed successfully
2025-02-14 22:03:34 - Attempting to delete - File: leyekab/2025/02/sdk.js._______________________, Owner: leyekab
2025-02-14 22:03:34 - Full file path: files/leyekab/2025/02/sdk.js._______________________
2025-02-14 22:03:34 - Database entry deleted successfully
2025-02-14 22:03:34 - File deleted successfully: files/leyekab/2025/02/sdk.js._______________________
2025-02-14 22:03:34 - Transaction committed successfully
2025-02-14 22:03:34 - Attempting to delete - File: leyekab/2025/02/search.js._______________________, Owner: leyekab
2025-02-14 22:03:34 - Full file path: files/leyekab/2025/02/search.js._______________________
2025-02-14 22:03:34 - Database entry deleted successfully
2025-02-14 22:03:34 - File deleted successfully: files/leyekab/2025/02/search.js._______________________
2025-02-14 22:03:34 - Transaction committed successfully
2025-02-14 22:03:35 - Attempting to delete - File: rytecGR_Basic.xml, Owner: shared
2025-02-14 22:03:35 - Full file path: files/shared/rytecGR_Basic.xml
2025-02-14 22:03:35 - Database entry deleted successfully
2025-02-14 22:03:35 - File deleted successfully: files/shared/rytecGR_Basic.xml
2025-02-14 22:03:35 - Transaction committed successfully
2025-02-14 22:03:35 - Attempting to delete - File: leyekab/2025/02/simple_line_icons.min.css, Owner: leyekab
2025-02-14 22:03:35 - Full file path: files/leyekab/2025/02/simple_line_icons.min.css
2025-02-14 22:03:35 - Database entry deleted successfully
2025-02-14 22:03:35 - File deleted successfully: files/leyekab/2025/02/simple_line_icons.min.css
2025-02-14 22:03:35 - Transaction committed successfully
2025-02-14 22:03:36 - Attempting to delete - File: leyekab/2025/02/skin.css, Owner: leyekab
2025-02-14 22:03:36 - Full file path: files/leyekab/2025/02/skin.css
2025-02-14 22:03:36 - Database entry deleted successfully
2025-02-14 22:03:36 - File deleted successfully: files/leyekab/2025/02/skin.css
2025-02-14 22:03:36 - Transaction committed successfully
2025-02-14 22:03:36 - Attempting to delete - File: leyekab/2025/02/social.js._______________________, Owner: leyekab
2025-02-14 22:03:36 - Full file path: files/leyekab/2025/02/social.js._______________________
2025-02-14 22:03:36 - Database entry deleted successfully
2025-02-14 22:03:36 - File deleted successfully: files/leyekab/2025/02/social.js._______________________
2025-02-14 22:03:36 - Transaction committed successfully
2025-02-14 22:03:37 - Attempting to delete - File: rytecGR_SportMovies.xml, Owner: shared
2025-02-14 22:03:37 - Full file path: files/shared/rytecGR_SportMovies.xml
2025-02-14 22:03:37 - Database entry deleted successfully
2025-02-14 22:03:37 - File deleted successfully: files/shared/rytecGR_SportMovies.xml
2025-02-14 22:03:37 - Transaction committed successfully
2025-02-14 22:03:37 - Attempting to delete - File: leyekab/2025/02/sscr.js._______________________, Owner: leyekab
2025-02-14 22:03:37 - Full file path: files/leyekab/2025/02/sscr.js._______________________
2025-02-14 22:03:37 - Database entry deleted successfully
2025-02-14 22:03:37 - File deleted successfully: files/leyekab/2025/02/sscr.js._______________________
2025-02-14 22:03:37 - Transaction committed successfully
2025-02-14 22:03:38 - Attempting to delete - File: leyekab/2025/02/sticky.js._______________________, Owner: leyekab
2025-02-14 22:03:38 - Full file path: files/leyekab/2025/02/sticky.js._______________________
2025-02-14 22:03:38 - Database entry deleted successfully
2025-02-14 22:03:38 - File deleted successfully: files/leyekab/2025/02/sticky.js._______________________
2025-02-14 22:03:38 - Transaction committed successfully
2025-02-14 22:03:38 - Attempting to delete - File: leyekab/2025/02/style_1_.css, Owner: leyekab
2025-02-14 22:03:38 - Full file path: files/leyekab/2025/02/style_1_.css
2025-02-14 22:03:38 - Database entry deleted successfully
2025-02-14 22:03:38 - File deleted successfully: files/leyekab/2025/02/style_1_.css
2025-02-14 22:03:38 - Transaction committed successfully
2025-02-14 22:03:39 - Attempting to delete - File: leyekab/2025/02/style_2_.css, Owner: leyekab
2025-02-14 22:03:39 - Full file path: files/leyekab/2025/02/style_2_.css
2025-02-14 22:03:39 - Database entry deleted successfully
2025-02-14 22:03:39 - File deleted successfully: files/leyekab/2025/02/style_2_.css
2025-02-14 22:03:39 - Transaction committed successfully
2025-02-14 22:03:39 - Attempting to delete - File: leyekab/2025/02/style.css, Owner: leyekab
2025-02-14 22:03:39 - Full file path: files/leyekab/2025/02/style.css
2025-02-14 22:03:39 - Database entry deleted successfully
2025-02-14 22:03:39 - File deleted successfully: files/leyekab/2025/02/style.css
2025-02-14 22:03:39 - Transaction committed successfully
2025-02-14 22:03:40 - Attempting to delete - File: leyekab/2025/02/theme.css, Owner: leyekab
2025-02-14 22:03:40 - Full file path: files/leyekab/2025/02/theme.css
2025-02-14 22:03:40 - Database entry deleted successfully
2025-02-14 22:03:40 - File deleted successfully: files/leyekab/2025/02/theme.css
2025-02-14 22:03:40 - Transaction committed successfully
2025-02-14 22:03:41 - Attempting to delete - File: leyekab/2025/02/theme.js._______________________, Owner: leyekab
2025-02-14 22:03:41 - Full file path: files/leyekab/2025/02/theme.js._______________________
2025-02-14 22:03:41 - Database entry deleted successfully
2025-02-14 22:03:41 - File deleted successfully: files/leyekab/2025/02/theme.js._______________________
2025-02-14 22:03:41 - Transaction committed successfully
2025-02-14 22:03:41 - Attempting to delete - File: leyekab/2025/02/TweenMax.min.js._______________________, Owner: leyekab
2025-02-14 22:03:41 - Full file path: files/leyekab/2025/02/TweenMax.min.js._______________________
2025-02-14 22:03:41 - Database entry deleted successfully
2025-02-14 22:03:41 - File deleted successfully: files/leyekab/2025/02/TweenMax.min.js._______________________
2025-02-14 22:03:41 - Transaction committed successfully
2025-02-14 22:03:42 - Attempting to delete - File: leyekab/2025/02/uikit.js._______________________, Owner: leyekab
2025-02-14 22:03:42 - Full file path: files/leyekab/2025/02/uikit.js._______________________
2025-02-14 22:03:42 - Database entry deleted successfully
2025-02-14 22:03:42 - File deleted successfully: files/leyekab/2025/02/uikit.js._______________________
2025-02-14 22:03:42 - Transaction committed successfully
2025-02-14 22:03:43 - Attempting to delete - File: leyekab/2025/02/widget_iframe.2f70fb173b9000da126c79afe2098f02.html, Owner: leyekab
2025-02-14 22:03:43 - Full file path: files/leyekab/2025/02/widget_iframe.2f70fb173b9000da126c79afe2098f02.html
2025-02-14 22:03:43 - Database entry deleted successfully
2025-02-14 22:03:43 - File deleted successfully: files/leyekab/2025/02/widget_iframe.2f70fb173b9000da126c79afe2098f02.html
2025-02-14 22:03:43 - Transaction committed successfully
2025-02-14 22:03:45 - Attempting to delete - File: leyekab/2025/02/layerslider.css, Owner: leyekab
2025-02-14 22:03:45 - Full file path: files/leyekab/2025/02/layerslider.css
2025-02-14 22:03:45 - Database entry deleted successfully
2025-02-14 22:03:45 - File deleted successfully: files/leyekab/2025/02/layerslider.css
2025-02-14 22:03:45 - Transaction committed successfully
2025-02-14 22:03:46 - Attempting to delete - File: leyekab/2025/02/02_____________________.jpg, Owner: leyekab
2025-02-14 22:03:46 - Full file path: files/leyekab/2025/02/02_____________________.jpg
2025-02-14 22:03:46 - Database entry deleted successfully
2025-02-14 22:03:46 - File deleted successfully: files/leyekab/2025/02/02_____________________.jpg
2025-02-14 22:03:46 - Transaction committed successfully
2025-02-14 22:03:47 - Attempting to delete - File: leyekab/2025/02/_1.jpg, Owner: leyekab
2025-02-14 22:03:47 - Full file path: files/leyekab/2025/02/_1.jpg
2025-02-14 22:03:47 - Database entry deleted successfully
2025-02-14 22:03:47 - File deleted successfully: files/leyekab/2025/02/_1.jpg
2025-02-14 22:03:47 - Transaction committed successfully
2025-02-14 22:03:48 - Attempting to delete - File: leyekab/2025/02/02_1______________________.jpg, Owner: leyekab
2025-02-14 22:03:48 - Full file path: files/leyekab/2025/02/02_1______________________.jpg
2025-02-14 22:03:48 - Database entry deleted successfully
2025-02-14 22:03:48 - File deleted successfully: files/leyekab/2025/02/02_1______________________.jpg
2025-02-14 22:03:48 - Transaction committed successfully
2025-02-14 22:03:50 - Attempting to delete - File: leyekab/2025/02/03_1______________________.jpg, Owner: leyekab
2025-02-14 22:03:50 - Full file path: files/leyekab/2025/02/03_1______________________.jpg
2025-02-14 22:03:50 - Database entry deleted successfully
2025-02-14 22:03:50 - File deleted successfully: files/leyekab/2025/02/03_1______________________.jpg
2025-02-14 22:03:50 - Empty directory removed: files/leyekab/2025/02
2025-02-14 22:03:50 - Empty directory removed: files/leyekab/2025
2025-02-14 22:03:50 - Empty directory removed: files/leyekab
2025-02-14 22:03:50 - Transaction committed successfully
2025-02-14 22:06:04 - Attempting to delete - File: rytecGR_SportMovies.xml, Owner: shared
2025-02-14 22:06:04 - Full file path: files/shared/rytecGR_SportMovies.xml
2025-02-14 22:06:04 - Database entry deleted successfully
2025-02-14 22:06:04 - File deleted successfully: files/shared/rytecGR_SportMovies.xml
2025-02-14 22:06:04 - Transaction committed successfully
2025-02-15 01:55:36 - Attempting to delete - File: leyekab/2025/02/01.jpg, Owner: leyekab
2025-02-15 01:55:36 - Full file path: files/leyekab/2025/02/01.jpg
2025-02-15 01:55:36 - Database entry deleted successfully
2025-02-15 01:55:36 - File deleted successfully: files/leyekab/2025/02/01.jpg
2025-02-15 01:55:36 - Empty directory removed: files/leyekab/2025/02
2025-02-15 01:55:36 - Empty directory removed: files/leyekab/2025
2025-02-15 01:55:36 - Empty directory removed: files/leyekab
2025-02-15 01:55:36 - Transaction committed successfully
2025-02-16 19:57:20 - Attempting to delete - File: shared/2025/02/_______________________________________________________________________________________.mp3, Owner: shared
2025-02-16 19:57:20 - Full file path: files/shared/shared/2025/02/_______________________________________________________________________________________.mp3
2025-02-16 19:57:20 - Database entry deleted successfully
2025-02-16 19:57:20 - File not found on disk: files/shared/shared/2025/02/_______________________________________________________________________________________.mp3
2025-02-16 19:57:20 - Transaction committed successfully
2025-02-16 19:58:27 - File not found in database for token: 44842f2a5839b982275ff1e967b8cae6211146512a0eb207c4fa21aa9831b78b
2025-02-16 20:08:10 - Attempting to delete - File: 2025/02/_______________________________________________________________________________________.mp3, Owner: shared
2025-02-16 20:08:10 - Full file path: files/shared/2025/02/_______________________________________________________________________________________.mp3
2025-02-16 20:08:10 - Database entry deleted successfully
2025-02-16 20:08:10 - File deleted successfully: files/shared/2025/02/_______________________________________________________________________________________.mp3
2025-02-16 20:08:10 - Transaction committed successfully
2025-02-16 20:08:14 - Attempting to delete - File: 2025/02/Loreen___Tattoo__Official_Audio_.mp3, Owner: shared
2025-02-16 20:08:14 - Full file path: files/shared/2025/02/Loreen___Tattoo__Official_Audio_.mp3
2025-02-16 20:08:14 - Database entry deleted successfully
2025-02-16 20:08:14 - File deleted successfully: files/shared/2025/02/Loreen___Tattoo__Official_Audio_.mp3
2025-02-16 20:08:14 - Transaction committed successfully
2025-02-16 20:58:22 - Attempting to delete - File: leyekab/2025/02/loreen_tattoo_official_audio.mp3, Owner: leyekab
2025-02-16 20:58:22 - Full file path: files/leyekab/2025/02/loreen_tattoo_official_audio.mp3
2025-02-16 20:58:22 - Database entry deleted successfully
2025-02-16 20:58:22 - File deleted successfully: files/leyekab/2025/02/loreen_tattoo_official_audio.mp3
2025-02-16 20:58:22 - Transaction committed successfully
2025-02-16 21:16:38 - Attempting to delete - File: leyekab/2025/02/atoyla_amani_ilw_gia_sena.mp3, Owner: leyekab
2025-02-16 21:16:38 - Full file path: files/leyekab/2025/02/atoyla_amani_ilw_gia_sena.mp3
2025-02-16 21:16:38 - Database entry deleted successfully
2025-02-16 21:16:38 - File deleted successfully: files/leyekab/2025/02/atoyla_amani_ilw_gia_sena.mp3
2025-02-16 21:16:38 - Transaction committed successfully
2025-02-16 21:16:41 - Attempting to delete - File: leyekab/2025/02/01_1_.jpg, Owner: leyekab
2025-02-16 21:16:41 - Full file path: files/leyekab/2025/02/01_1_.jpg
2025-02-16 21:16:41 - Database entry deleted successfully
2025-02-16 21:16:41 - File deleted successfully: files/leyekab/2025/02/01_1_.jpg
2025-02-16 21:16:41 - Transaction committed successfully
2025-02-16 21:16:44 - Attempting to delete - File: leyekab/2025/02/ikos_ydis_i_malakas_imoyn_lyrics.mp3, Owner: leyekab
2025-02-16 21:16:44 - Full file path: files/leyekab/2025/02/ikos_ydis_i_malakas_imoyn_lyrics.mp3
2025-02-16 21:16:44 - Database entry deleted successfully
2025-02-16 21:16:44 - File deleted successfully: files/leyekab/2025/02/ikos_ydis_i_malakas_imoyn_lyrics.mp3
2025-02-16 21:16:44 - Transaction committed successfully
2025-02-16 21:16:46 - Attempting to delete - File: leyekab/2025/02/iwrgos_argaritis_en_obw_gw_is_reles_moy.mp3, Owner: leyekab
2025-02-16 21:16:46 - Full file path: files/leyekab/2025/02/iwrgos_argaritis_en_obw_gw_is_reles_moy.mp3
2025-02-16 21:16:46 - Database entry deleted successfully
2025-02-16 21:16:46 - File deleted successfully: files/leyekab/2025/02/iwrgos_argaritis_en_obw_gw_is_reles_moy.mp3
2025-02-16 21:16:46 - Transaction committed successfully
2025-02-16 21:16:49 - Attempting to delete - File: leyekab/2025/02/la_gia_ton_erwta_atsaros_iwrgos.mp3, Owner: leyekab
2025-02-16 21:16:49 - Full file path: files/leyekab/2025/02/la_gia_ton_erwta_atsaros_iwrgos.mp3
2025-02-16 21:16:49 - Database entry deleted successfully
2025-02-16 21:16:49 - File deleted successfully: files/leyekab/2025/02/la_gia_ton_erwta_atsaros_iwrgos.mp3
2025-02-16 21:16:49 - Transaction committed successfully
2025-02-16 21:16:52 - Attempting to delete - File: leyekab/2025/02/hanos_alliris_atastrofi_moy_official_music_video_1991.mp3, Owner: leyekab
2025-02-16 21:16:52 - Full file path: files/leyekab/2025/02/hanos_alliris_atastrofi_moy_official_music_video_1991.mp3
2025-02-16 21:16:52 - Database entry deleted successfully
2025-02-16 21:16:52 - File deleted successfully: files/leyekab/2025/02/hanos_alliris_atastrofi_moy_official_music_video_1991.mp3
2025-02-16 21:16:52 - Transaction committed successfully
2025-02-16 21:16:56 - Attempting to delete - File: leyekab/2025/02/wnstantinos_rgyros_foy_e_rika_e_finw_official_lyr.mp3, Owner: leyekab
2025-02-16 21:16:56 - Full file path: files/leyekab/2025/02/wnstantinos_rgyros_foy_e_rika_e_finw_official_lyr.mp3
2025-02-16 21:16:56 - Database entry deleted successfully
2025-02-16 21:16:56 - File deleted successfully: files/leyekab/2025/02/wnstantinos_rgyros_foy_e_rika_e_finw_official_lyr.mp3
2025-02-16 21:16:56 - Transaction committed successfully
2025-02-16 21:16:58 - Attempting to delete - File: leyekab/2025/02/hanos_alliris_atastrofi_moy_official_music_video_1991_1.mp3, Owner: leyekab
2025-02-16 21:16:58 - Full file path: files/leyekab/2025/02/hanos_alliris_atastrofi_moy_official_music_video_1991_1.mp3
2025-02-16 21:16:58 - Database entry deleted successfully
2025-02-16 21:16:58 - File deleted successfully: files/leyekab/2025/02/hanos_alliris_atastrofi_moy_official_music_video_1991_1.mp3
2025-02-16 21:16:58 - Transaction committed successfully
2025-02-16 21:17:00 - Attempting to delete - File: leyekab/2025/02/isai_heos_iannis_arios.mp3, Owner: leyekab
2025-02-16 21:17:00 - Full file path: files/leyekab/2025/02/isai_heos_iannis_arios.mp3
2025-02-16 21:17:00 - Database entry deleted successfully
2025-02-16 21:17:00 - File deleted successfully: files/leyekab/2025/02/isai_heos_iannis_arios.mp3
2025-02-16 21:17:00 - Transaction committed successfully
2025-02-16 21:17:03 - Attempting to delete - File: leyekab/2025/02/mono_agapi.mp3, Owner: leyekab
2025-02-16 21:17:03 - Full file path: files/leyekab/2025/02/mono_agapi.mp3
2025-02-16 21:17:03 - Database entry deleted successfully
2025-02-16 21:17:03 - File deleted successfully: files/leyekab/2025/02/mono_agapi.mp3
2025-02-16 21:17:03 - Transaction committed successfully
2025-02-16 21:17:05 - Attempting to delete - File: leyekab/2025/02/ote_pote_pote_iannis_arios_leni_imoy.mp3, Owner: leyekab
2025-02-16 21:17:05 - Full file path: files/leyekab/2025/02/ote_pote_pote_iannis_arios_leni_imoy.mp3
2025-02-16 21:17:05 - Database entry deleted successfully
2025-02-16 21:17:05 - File deleted successfully: files/leyekab/2025/02/ote_pote_pote_iannis_arios_leni_imoy.mp3
2025-02-16 21:17:05 - Empty directory removed: files/leyekab/2025/02
2025-02-16 21:17:05 - Empty directory removed: files/leyekab/2025
2025-02-16 21:17:05 - Empty directory removed: files/leyekab
2025-02-16 21:17:05 - Transaction committed successfully
