2025-02-16 19:37:05 - User: leyekab - Shared Upload: files/shared/2025/02/03_1_.jpg
2025-02-16 19:37:35 - User: leyekab - Shared Upload: files/shared/2025/02/02_1_.jpg
2025-02-16 19:37:35 - User: leyekab - Shared Upload: files/shared/2025/02/02.jpg
2025-02-16 19:37:35 - User: leyekab - Shared Upload: files/shared/2025/02/03_1______________________.jpg
2025-02-16 19:37:35 - User: leyekab - Shared Upload: files/shared/2025/02/03_1__1.jpg
2025-02-16 19:38:10 - User: leyekab - Shared Upload: files/shared/2025/02/Loreen___Tattoo__Official_Audio_.mp3
2025-02-16 19:38:10 - User: leyekab - Shared Upload: files/shared/2025/02/Mono_Agapi.mp3
2025-02-16 19:38:10 - User: leyekab - Shared Upload: files/shared/2025/02/________________________________________________________________.mp3
2025-02-16 19:38:10 - User: leyekab - Shared Upload: files/shared/2025/02/_______________________________________________________________________________________.mp3
2025-02-16 19:38:10 - User: leyekab - Shared Upload: files/shared/2025/02/_________________________________________________.mp3
2025-02-16 19:38:10 - User: leyekab - Shared Upload: files/shared/2025/02/___________________________________________________________Official_Music_Video____1991.mp3
2025-02-16 19:38:10 - User: leyekab - Shared Upload: files/shared/2025/02/________________________________________________________________________________________Official_Lyr.mp3
2025-02-16 19:38:10 - User: leyekab - Shared Upload: files/shared/2025/02/________________________________________________________.mp3
2025-02-16 19:38:10 - User: leyekab - Shared Upload: files/shared/2025/02/_________________________________________________________Lyrics_.mp3
2025-02-16 19:38:10 - User: leyekab - Shared Upload: files/shared/2025/02/________________________________________________________________________________.mp3
2025-02-16 19:57:06 - User: leyekab - Shared Upload: files/shared/2025/02/_______________________________________________________________________________________.mp3
2025-02-16 19:57:36 - User: leyekab - Shared Upload: files/shared/2025/02/Loreen___Tattoo__Official_Audio_.mp3
2025-02-16 20:11:22 - User: leyekab - Shared Upload: files/shared/2025/02/hanos_alliris_atastrofi_moy_official_music_video_1991.mp3
2025-02-16 20:12:22 - User: leyekab - Shared Upload: files/shared/2025/02/loreen_tattoo_official_audio.mp3
2025-02-16 20:12:22 - User: leyekab - Shared Upload: files/shared/2025/02/mono_agapi.mp3
2025-02-16 20:12:22 - User: leyekab - Shared Upload: files/shared/2025/02/la_gia_ton_erwta_atsaros_iwrgos.mp3
2025-02-16 20:12:22 - User: leyekab - Shared Upload: files/shared/2025/02/iwrgos_argaritis_en_obw_gw_is_reles_moy.mp3
2025-02-16 20:12:22 - User: leyekab - Shared Upload: files/shared/2025/02/isai_heos_iannis_arios.mp3
2025-02-16 20:12:22 - User: leyekab - Shared Upload: files/shared/2025/02/hanos_alliris_atastrofi_moy_official_music_video_1991_1.mp3
2025-02-16 20:12:22 - User: leyekab - Shared Upload: files/shared/2025/02/wnstantinos_rgyros_foy_e_rika_e_finw_official_lyr.mp3
2025-02-16 20:12:22 - User: leyekab - Shared Upload: files/shared/2025/02/atoyla_amani_ilw_gia_sena.mp3
2025-02-16 20:12:22 - User: leyekab - Shared Upload: files/shared/2025/02/ikos_ydis_i_malakas_imoyn_lyrics.mp3
2025-02-16 20:12:22 - User: leyekab - Shared Upload: files/shared/2025/02/ote_pote_pote_iannis_arios_leni_imoy.mp3
2025-02-16 20:12:51 - User: leyekab - Uploaded: files/leyekab/2025/02/hanos_alliris_atastrofi_moy_official_music_video_1991.mp3
2025-02-16 20:13:33 - User: leyekab - Uploaded: files/leyekab/2025/02/loreen_tattoo_official_audio.mp3
2025-02-16 20:13:33 - User: leyekab - Uploaded: files/leyekab/2025/02/mono_agapi.mp3
2025-02-16 20:13:33 - User: leyekab - Uploaded: files/leyekab/2025/02/la_gia_ton_erwta_atsaros_iwrgos.mp3
2025-02-16 20:13:33 - User: leyekab - Uploaded: files/leyekab/2025/02/iwrgos_argaritis_en_obw_gw_is_reles_moy.mp3
2025-02-16 20:13:33 - User: leyekab - Uploaded: files/leyekab/2025/02/isai_heos_iannis_arios.mp3
2025-02-16 20:13:33 - User: leyekab - Uploaded: files/leyekab/2025/02/hanos_alliris_atastrofi_moy_official_music_video_1991_1.mp3
2025-02-16 20:13:33 - User: leyekab - Uploaded: files/leyekab/2025/02/wnstantinos_rgyros_foy_e_rika_e_finw_official_lyr.mp3
2025-02-16 20:13:33 - User: leyekab - Uploaded: files/leyekab/2025/02/atoyla_amani_ilw_gia_sena.mp3
2025-02-16 20:13:33 - User: leyekab - Uploaded: files/leyekab/2025/02/ikos_ydis_i_malakas_imoyn_lyrics.mp3
2025-02-16 20:13:33 - User: leyekab - Uploaded: files/leyekab/2025/02/ote_pote_pote_iannis_arios_leni_imoy.mp3
2025-02-16 21:07:28 - User: leyekab - Shared Upload: files/shared/2025/02/loreen_tattoo_official_audio.mp3
2025-02-16 21:07:28 - User: leyekab - Shared Upload: files/shared/2025/02/mono_agapi.mp3
2025-02-16 21:07:28 - User: leyekab - Shared Upload: files/shared/2025/02/la_gia_ton_erwta_atsaros_iwrgos.mp3
2025-02-16 21:07:28 - User: leyekab - Shared Upload: files/shared/2025/02/iwrgos_argaritis_en_obw_gw_is_reles_moy.mp3
2025-02-16 21:07:28 - User: leyekab - Shared Upload: files/shared/2025/02/isai_heos_iannis_arios.mp3
2025-02-16 21:07:28 - User: leyekab - Shared Upload: files/shared/2025/02/hanos_alliris_atastrofi_moy_official_music_video_1991.mp3
2025-02-16 21:07:28 - User: leyekab - Shared Upload: files/shared/2025/02/wnstantinos_rgyros_foy_e_rika_e_finw_official_lyr.mp3
2025-02-16 21:07:28 - User: leyekab - Shared Upload: files/shared/2025/02/atoyla_amani_ilw_gia_sena.mp3
2025-02-16 21:07:28 - User: leyekab - Shared Upload: files/shared/2025/02/ikos_ydis_i_malakas_imoyn_lyrics.mp3
2025-02-16 21:07:28 - User: leyekab - Shared Upload: files/shared/2025/02/ote_pote_pote_iannis_arios_leni_imoy.mp3
2025-02-16 21:17:30 - User: leyekab - Uploaded: files/leyekab/2025/02/121.doc
